  Main.cpp
C:\BanK\KMUTT\BanK_KMUTT\Y3T1\CG\Project\CarProjectLOCAL\Code\Internal\_Def4.h(248,1): warning C4267: 'initializing': conversion from 'size_t' to 'int', possible loss of data
C:\BanK\KMUTT\BanK_KMUTT\Y3T1\CG\Project\CarProjectLOCAL\ThirdParty\Include\learnopengl\model.h(96,27): warning C4018: '<': signed/unsigned mismatch
C:\BanK\KMUTT\BanK_KMUTT\Y3T1\CG\Project\CarProjectLOCAL\Code\_Car.h(239): warning C4305: 'initializing': truncation from 'double' to 'float'
C:\BanK\KMUTT\BanK_KMUTT\Y3T1\CG\Project\CarProjectLOCAL\Code\_Car.h(212,80): warning C4244: 'argument': conversion from 'unsigned __int64' to 'float', possible loss of data
C:\BanK\KMUTT\BanK_KMUTT\Y3T1\CG\Project\CarProjectLOCAL\Code\_Car.h(212,52): warning C4244: 'argument': conversion from 'int' to 'float', possible loss of data
C:\BanK\KMUTT\BanK_KMUTT\Y3T1\CG\Project\CarProjectLOCAL\Code\_Car.h(212,39): warning C4244: '=': conversion from 'float' to 'int', possible loss of data
C:\BanK\KMUTT\BanK_KMUTT\Y3T1\CG\Project\CarProjectLOCAL\Code\_Car.h(573,39): warning C4305: 'initializing': truncation from 'int' to 'float'
C:\BanK\KMUTT\BanK_KMUTT\Y3T1\CG\Project\CarProjectLOCAL\Code\_Car.h(746,31): warning C4305: 'initializing': truncation from 'double' to 'float'
C:\BanK\KMUTT\BanK_KMUTT\Y3T1\CG\Project\CarProjectLOCAL\Code\_Car.h(747,31): warning C4305: 'initializing': truncation from 'double' to 'float'
C:\BanK\KMUTT\BanK_KMUTT\Y3T1\CG\Project\CarProjectLOCAL\Code\EditorCamera.h(12,30): warning C4244: '=': conversion from 'double' to 'float', possible loss of data
C:\BanK\KMUTT\BanK_KMUTT\Y3T1\CG\Project\CarProjectLOCAL\Code\EditorCamera.h(13,30): warning C4244: '=': conversion from 'double' to 'float', possible loss of data
  CarProject.vcxproj -> C:\BanK\KMUTT\BanK_KMUTT\Y3T1\CG\Project\CarProjectLOCAL\Bin\x64\Debug\CarProject.exe
  C:\BanK\KMUTT\BanK_KMUTT\Y3T1\CG\Project\CarProjectLOCAL\ThirdParty\DLL\assimp-vc140-mt.dll
  C:\BanK\KMUTT\BanK_KMUTT\Y3T1\CG\Project\CarProjectLOCAL\ThirdParty\DLL\assimp-vc143-mt.dll
  C:\BanK\KMUTT\BanK_KMUTT\Y3T1\CG\Project\CarProjectLOCAL\ThirdParty\DLL\irrKlang.dll
  3 File(s) copied
  C:\BanK\KMUTT\BanK_KMUTT\Y3T1\CG\Project\CarProjectLOCAL\Assets\wood.png
  C:\BanK\KMUTT\BanK_KMUTT\Y3T1\CG\Project\CarProjectLOCAL\Assets\Audio\Car.wav
  C:\BanK\KMUTT\BanK_KMUTT\Y3T1\CG\Project\CarProjectLOCAL\Assets\Models\lambo_Wheels.mtl
  C:\BanK\KMUTT\BanK_KMUTT\Y3T1\CG\Project\CarProjectLOCAL\Assets\Models\lambo_Wheels.obj
  C:\BanK\KMUTT\BanK_KMUTT\Y3T1\CG\Project\CarProjectLOCAL\Assets\Models\Ratchanon_Static.png
  C:\BanK\KMUTT\BanK_KMUTT\Y3T1\CG\Project\CarProjectLOCAL\Assets\Models\car\387359c5580f06c08c266126b3b46db47e48ba44.png
  C:\BanK\KMUTT\BanK_KMUTT\Y3T1\CG\Project\CarProjectLOCAL\Assets\Models\car\racer_nowheels.mtl
  C:\BanK\KMUTT\BanK_KMUTT\Y3T1\CG\Project\CarProjectLOCAL\Assets\Models\car\racer_nowheels.obj
  C:\BanK\KMUTT\BanK_KMUTT\Y3T1\CG\Project\CarProjectLOCAL\Assets\Models\car\wheel.mtl
  C:\BanK\KMUTT\BanK_KMUTT\Y3T1\CG\Project\CarProjectLOCAL\Assets\Models\car\wheel.obj
  C:\BanK\KMUTT\BanK_KMUTT\Y3T1\CG\Project\CarProjectLOCAL\Assets\Models\dirty\license.txt
  C:\BanK\KMUTT\BanK_KMUTT\Y3T1\CG\Project\CarProjectLOCAL\Assets\Models\dirty\scene.bin
  C:\BanK\KMUTT\BanK_KMUTT\Y3T1\CG\Project\CarProjectLOCAL\Assets\Models\dirty\scene.gltf
  C:\BanK\KMUTT\BanK_KMUTT\Y3T1\CG\Project\CarProjectLOCAL\Assets\Models\dirty\textures\large_car_body_mat_baseColor.png
  C:\BanK\KMUTT\BanK_KMUTT\Y3T1\CG\Project\CarProjectLOCAL\Assets\Models\dirty\textures\large_car_body_mat_metallicRoughness.png
  C:\BanK\KMUTT\BanK_KMUTT\Y3T1\CG\Project\CarProjectLOCAL\Assets\Models\dirty\textures\large_car_body_mat_normal.png
  C:\BanK\KMUTT\BanK_KMUTT\Y3T1\CG\Project\CarProjectLOCAL\Assets\Models\dirty\textures\large_car_glass_mat_baseColor.png
  C:\BanK\KMUTT\BanK_KMUTT\Y3T1\CG\Project\CarProjectLOCAL\Assets\Models\dirty\textures\large_car_glass_mat_metallicRoughness.png
  C:\BanK\KMUTT\BanK_KMUTT\Y3T1\CG\Project\CarProjectLOCAL\Assets\Models\dirty\textures\large_car_wheels_mat_baseColor.png
  C:\BanK\KMUTT\BanK_KMUTT\Y3T1\CG\Project\CarProjectLOCAL\Assets\Models\dirty\textures\large_car_wheels_mat_normal.png
  C:\BanK\KMUTT\BanK_KMUTT\Y3T1\CG\Project\CarProjectLOCAL\Assets\Models\moscow\moscow.mtl
  C:\BanK\KMUTT\BanK_KMUTT\Y3T1\CG\Project\CarProjectLOCAL\Assets\Models\moscow\moscow.obj
  C:\BanK\KMUTT\BanK_KMUTT\Y3T1\CG\Project\CarProjectLOCAL\Assets\Models\moscow\textures\D_cao_1_baseColor.png
  C:\BanK\KMUTT\BanK_KMUTT\Y3T1\CG\Project\CarProjectLOCAL\Assets\Models\moscow\textures\D_deng_1_baseColor.png
  C:\BanK\KMUTT\BanK_KMUTT\Y3T1\CG\Project\CarProjectLOCAL\Assets\Models\moscow\textures\D_dibiao_14SnowD_baseColor.png
  C:\BanK\KMUTT\BanK_KMUTT\Y3T1\CG\Project\CarProjectLOCAL\Assets\Models\moscow\textures\D_dibiao_15_baseColor.png
  C:\BanK\KMUTT\BanK_KMUTT\Y3T1\CG\Project\CarProjectLOCAL\Assets\Models\moscow\textures\D_dibiao_1_baseColor.png
  C:\BanK\KMUTT\BanK_KMUTT\Y3T1\CG\Project\CarProjectLOCAL\Assets\Models\moscow\textures\D_dibiao_2_baseColor.png
  C:\BanK\KMUTT\BanK_KMUTT\Y3T1\CG\Project\CarProjectLOCAL\Assets\Models\moscow\textures\D_dibiao_3_baseColor.png
  C:\BanK\KMUTT\BanK_KMUTT\Y3T1\CG\Project\CarProjectLOCAL\Assets\Models\moscow\textures\D_dibiao_5_baseColor.png
  C:\BanK\KMUTT\BanK_KMUTT\Y3T1\CG\Project\CarProjectLOCAL\Assets\Models\moscow\textures\D_dibiao_6_baseColor.png
  C:\BanK\KMUTT\BanK_KMUTT\Y3T1\CG\Project\CarProjectLOCAL\Assets\Models\moscow\textures\D_dibiao_7SnowD_baseColor.png
  C:\BanK\KMUTT\BanK_KMUTT\Y3T1\CG\Project\CarProjectLOCAL\Assets\Models\moscow\textures\D_dibiao_7_baseColor.png
  C:\BanK\KMUTT\BanK_KMUTT\Y3T1\CG\Project\CarProjectLOCAL\Assets\Models\moscow\textures\D_dibiao_9_baseColor.png
  C:\BanK\KMUTT\BanK_KMUTT\Y3T1\CG\Project\CarProjectLOCAL\Assets\Models\moscow\textures\D_guanggao_2_baseColor.png
  C:\BanK\KMUTT\BanK_KMUTT\Y3T1\CG\Project\CarProjectLOCAL\Assets\Models\moscow\textures\D_hongqiang_1_baseColor.png
  C:\BanK\KMUTT\BanK_KMUTT\Y3T1\CG\Project\CarProjectLOCAL\Assets\Models\moscow\textures\D_huatan_1_snowD_baseColor.png
  C:\BanK\KMUTT\BanK_KMUTT\Y3T1\CG\Project\CarProjectLOCAL\Assets\Models\moscow\textures\D_hulang_1_baseColor.png
  C:\BanK\KMUTT\BanK_KMUTT\Y3T1\CG\Project\CarProjectLOCAL\Assets\Models\moscow\textures\D_jiaotang_1_baseColor.png
  C:\BanK\KMUTT\BanK_KMUTT\Y3T1\CG\Project\CarProjectLOCAL\Assets\Models\moscow\textures\D_jiaotang_2_baseColor.png
  C:\BanK\KMUTT\BanK_KMUTT\Y3T1\CG\Project\CarProjectLOCAL\Assets\Models\moscow\textures\D_jiaotang_3_baseColor.png
  C:\BanK\KMUTT\BanK_KMUTT\Y3T1\CG\Project\CarProjectLOCAL\Assets\Models\moscow\textures\D_lujian_1_baseColor.png
  C:\BanK\KMUTT\BanK_KMUTT\Y3T1\CG\Project\CarProjectLOCAL\Assets\Models\moscow\textures\D_lujian_2_baseColor.png
  C:\BanK\KMUTT\BanK_KMUTT\Y3T1\CG\Project\CarProjectLOCAL\Assets\Models\moscow\textures\D_men_1_baseColor.png
  C:\BanK\KMUTT\BanK_KMUTT\Y3T1\CG\Project\CarProjectLOCAL\Assets\Models\moscow\textures\D_peilou_1_2_baseColor.png
  C:\BanK\KMUTT\BanK_KMUTT\Y3T1\CG\Project\CarProjectLOCAL\Assets\Models\moscow\textures\D_peilou_2_1_baseColor.png
  C:\BanK\KMUTT\BanK_KMUTT\Y3T1\CG\Project\CarProjectLOCAL\Assets\Models\moscow\textures\D_peilou_3_baseColor.png
  C:\BanK\KMUTT\BanK_KMUTT\Y3T1\CG\Project\CarProjectLOCAL\Assets\Models\moscow\textures\D_peilou_4_baseColor.png
  C:\BanK\KMUTT\BanK_KMUTT\Y3T1\CG\Project\CarProjectLOCAL\Assets\Models\moscow\textures\D_peilou_5_baseColor.png
  C:\BanK\KMUTT\BanK_KMUTT\Y3T1\CG\Project\CarProjectLOCAL\Assets\Models\moscow\textures\D_peilou_6_baseColor.png
  C:\BanK\KMUTT\BanK_KMUTT\Y3T1\CG\Project\CarProjectLOCAL\Assets\Models\moscow\textures\D_peilou_7_baseColor.png
  C:\BanK\KMUTT\BanK_KMUTT\Y3T1\CG\Project\CarProjectLOCAL\Assets\Models\moscow\textures\D_peilou_8_baseColor.png
  C:\BanK\KMUTT\BanK_KMUTT\Y3T1\CG\Project\CarProjectLOCAL\Assets\Models\moscow\textures\D_peilou_9_baseColor.png
  C:\BanK\KMUTT\BanK_KMUTT\Y3T1\CG\Project\CarProjectLOCAL\Assets\Models\moscow\textures\D_qiang_1_baseColor.png
  C:\BanK\KMUTT\BanK_KMUTT\Y3T1\CG\Project\CarProjectLOCAL\Assets\Models\moscow\textures\D_qiang_2_baseColor.png
  C:\BanK\KMUTT\BanK_KMUTT\Y3T1\CG\Project\CarProjectLOCAL\Assets\Models\moscow\textures\D_qiang_3_baseColor.png
  C:\BanK\KMUTT\BanK_KMUTT\Y3T1\CG\Project\CarProjectLOCAL\Assets\Models\moscow\textures\D_shan_1_baseColor.png
  C:\BanK\KMUTT\BanK_KMUTT\Y3T1\CG\Project\CarProjectLOCAL\Assets\Models\moscow\textures\D_shui_1_baseColor.png
  C:\BanK\KMUTT\BanK_KMUTT\Y3T1\CG\Project\CarProjectLOCAL\Assets\Models\moscow\textures\D_suidao_1_baseColor.png
  C:\BanK\KMUTT\BanK_KMUTT\Y3T1\CG\Project\CarProjectLOCAL\Assets\Models\moscow\textures\D_tiezhalan_1_baseColor.png
  C:\BanK\KMUTT\BanK_KMUTT\Y3T1\CG\Project\CarProjectLOCAL\Assets\Models\moscow\textures\D_tiezhalan_2_baseColor.png
  C:\BanK\KMUTT\BanK_KMUTT\Y3T1\CG\Project\CarProjectLOCAL\Assets\Models\moscow\textures\D_tiezhalan_3_baseColor.png
  C:\BanK\KMUTT\BanK_KMUTT\Y3T1\CG\Project\CarProjectLOCAL\Assets\Models\moscow\textures\D_tiezhalan_4_baseColor.png
  C:\BanK\KMUTT\BanK_KMUTT\Y3T1\CG\Project\CarProjectLOCAL\Assets\Models\moscow\textures\D_tong_1_baseColor.png
  C:\BanK\KMUTT\BanK_KMUTT\Y3T1\CG\Project\CarProjectLOCAL\Assets\Models\moscow\textures\D_xue_1_baseColor.png
  C:\BanK\KMUTT\BanK_KMUTT\Y3T1\CG\Project\CarProjectLOCAL\Assets\Models\moscow\textures\D_zhibei_1_baseColor.png
  C:\BanK\KMUTT\BanK_KMUTT\Y3T1\CG\Project\CarProjectLOCAL\Assets\Models\moscow\textures\D_zhibei_3_baseColor.png
  C:\BanK\KMUTT\BanK_KMUTT\Y3T1\CG\Project\CarProjectLOCAL\Assets\Models\moscow\textures\D_zhishipai1_B_baseColor.png
  C:\BanK\KMUTT\BanK_KMUTT\Y3T1\CG\Project\CarProjectLOCAL\Assets\Models\Racetrack\Baked_City - OLD.png
  C:\BanK\KMUTT\BanK_KMUTT\Y3T1\CG\Project\CarProjectLOCAL\Assets\Models\Racetrack\Baked_City.png
  C:\BanK\KMUTT\BanK_KMUTT\Y3T1\CG\Project\CarProjectLOCAL\Assets\Models\Racetrack\Racetrack.bin
  C:\BanK\KMUTT\BanK_KMUTT\Y3T1\CG\Project\CarProjectLOCAL\Assets\Models\Racetrack\Racetrack.blend1
  C:\BanK\KMUTT\BanK_KMUTT\Y3T1\CG\Project\CarProjectLOCAL\Assets\Models\Racetrack\Racetrack.gltf
  C:\BanK\KMUTT\BanK_KMUTT\Y3T1\CG\Project\CarProjectLOCAL\Assets\Models\Racetrack\Racetrack.mtl
  C:\BanK\KMUTT\BanK_KMUTT\Y3T1\CG\Project\CarProjectLOCAL\Assets\Models\Racetrack\Racetrack.obj
  C:\BanK\KMUTT\BanK_KMUTT\Y3T1\CG\Project\CarProjectLOCAL\Assets\Models\Racetrack\Racetrack2_TrackONLY.blend1
  C:\BanK\KMUTT\BanK_KMUTT\Y3T1\CG\Project\CarProjectLOCAL\Assets\Models\Racetrack\RacetrackONLY.mtl
  C:\BanK\KMUTT\BanK_KMUTT\Y3T1\CG\Project\CarProjectLOCAL\Assets\Models\Racetrack\RacetrackONLY.obj
  C:\BanK\KMUTT\BanK_KMUTT\Y3T1\CG\Project\CarProjectLOCAL\Assets\Models\Racetrack\Track - Copy.png
  C:\BanK\KMUTT\BanK_KMUTT\Y3T1\CG\Project\CarProjectLOCAL\Assets\Models\Racetrack\Track.png
  C:\BanK\KMUTT\BanK_KMUTT\Y3T1\CG\Project\CarProjectLOCAL\Assets\Models\ShelbyMustang\ShelbyMustang.mtl
  C:\BanK\KMUTT\BanK_KMUTT\Y3T1\CG\Project\CarProjectLOCAL\Assets\Models\ShelbyMustang\ShelbyMustang.obj
  C:\BanK\KMUTT\BanK_KMUTT\Y3T1\CG\Project\CarProjectLOCAL\Assets\Models\ShelbyMustang\stang_with_plate.png
  C:\BanK\KMUTT\BanK_KMUTT\Y3T1\CG\Project\CarProjectLOCAL\Assets\Models\subaru\bottom_baseColor.jpg
  C:\BanK\KMUTT\BanK_KMUTT\Y3T1\CG\Project\CarProjectLOCAL\Assets\Models\subaru\bottom_metallicRoughness.png
  C:\BanK\KMUTT\BanK_KMUTT\Y3T1\CG\Project\CarProjectLOCAL\Assets\Models\subaru\bottom_normal.png
  C:\BanK\KMUTT\BanK_KMUTT\Y3T1\CG\Project\CarProjectLOCAL\Assets\Models\subaru\clip_baseColor.jpg
  C:\BanK\KMUTT\BanK_KMUTT\Y3T1\CG\Project\CarProjectLOCAL\Assets\Models\subaru\clip_metallicRoughness.png
  C:\BanK\KMUTT\BanK_KMUTT\Y3T1\CG\Project\CarProjectLOCAL\Assets\Models\subaru\glass_baseColor.png
  C:\BanK\KMUTT\BanK_KMUTT\Y3T1\CG\Project\CarProjectLOCAL\Assets\Models\subaru\glass_metallicRoughness.png
  C:\BanK\KMUTT\BanK_KMUTT\Y3T1\CG\Project\CarProjectLOCAL\Assets\Models\subaru\grill_baseColor.png
  C:\BanK\KMUTT\BanK_KMUTT\Y3T1\CG\Project\CarProjectLOCAL\Assets\Models\subaru\grill_metallicRoughness.png
  C:\BanK\KMUTT\BanK_KMUTT\Y3T1\CG\Project\CarProjectLOCAL\Assets\Models\subaru\headlights_baseColor.jpg
  C:\BanK\KMUTT\BanK_KMUTT\Y3T1\CG\Project\CarProjectLOCAL\Assets\Models\subaru\headlights_emissive.jpg
  C:\BanK\KMUTT\BanK_KMUTT\Y3T1\CG\Project\CarProjectLOCAL\Assets\Models\subaru\headlights_normal.png
  C:\BanK\KMUTT\BanK_KMUTT\Y3T1\CG\Project\CarProjectLOCAL\Assets\Models\subaru\licence_plate_baseColor.jpg
  C:\BanK\KMUTT\BanK_KMUTT\Y3T1\CG\Project\CarProjectLOCAL\Assets\Models\subaru\licence_plate_normal.png
  C:\BanK\KMUTT\BanK_KMUTT\Y3T1\CG\Project\CarProjectLOCAL\Assets\Models\subaru\livery_baseColor.jpg
  C:\BanK\KMUTT\BanK_KMUTT\Y3T1\CG\Project\CarProjectLOCAL\Assets\Models\subaru\livery_emissive.jpg
  C:\BanK\KMUTT\BanK_KMUTT\Y3T1\CG\Project\CarProjectLOCAL\Assets\Models\subaru\livery_metallicRoughness.png
  C:\BanK\KMUTT\BanK_KMUTT\Y3T1\CG\Project\CarProjectLOCAL\Assets\Models\subaru\livery_normal.png
  C:\BanK\KMUTT\BanK_KMUTT\Y3T1\CG\Project\CarProjectLOCAL\Assets\Models\subaru\scene.bin
  C:\BanK\KMUTT\BanK_KMUTT\Y3T1\CG\Project\CarProjectLOCAL\Assets\Models\subaru\scene.gltf
  C:\BanK\KMUTT\BanK_KMUTT\Y3T1\CG\Project\CarProjectLOCAL\Assets\Models\subaru\taillight_baseColor.jpg
  C:\BanK\KMUTT\BanK_KMUTT\Y3T1\CG\Project\CarProjectLOCAL\Assets\Models\subaru\taillight_emissive.jpg
  C:\BanK\KMUTT\BanK_KMUTT\Y3T1\CG\Project\CarProjectLOCAL\Assets\Models\subaru\taillight_normal.png
  C:\BanK\KMUTT\BanK_KMUTT\Y3T1\CG\Project\CarProjectLOCAL\Assets\Models\subaru\window_frame_baseColor.jpg
  C:\BanK\KMUTT\BanK_KMUTT\Y3T1\CG\Project\CarProjectLOCAL\Assets\Models\subaru\window_frame_metallicRoughness.png
  C:\BanK\KMUTT\BanK_KMUTT\Y3T1\CG\Project\CarProjectLOCAL\Assets\Models\subaru\OLD gltf Exports\scene.bin
  C:\BanK\KMUTT\BanK_KMUTT\Y3T1\CG\Project\CarProjectLOCAL\Assets\Models\subaru\OLD gltf Exports\scene.gltf
  C:\BanK\KMUTT\BanK_KMUTT\Y3T1\CG\Project\CarProjectLOCAL\Assets\Models\subaru\textures\bottom_baseColor.jpeg
  C:\BanK\KMUTT\BanK_KMUTT\Y3T1\CG\Project\CarProjectLOCAL\Assets\Models\subaru\textures\bottom_metallicRoughness.png
  C:\BanK\KMUTT\BanK_KMUTT\Y3T1\CG\Project\CarProjectLOCAL\Assets\Models\subaru\textures\bottom_normal.png
  C:\BanK\KMUTT\BanK_KMUTT\Y3T1\CG\Project\CarProjectLOCAL\Assets\Models\subaru\textures\clip_baseColor.jpeg
  C:\BanK\KMUTT\BanK_KMUTT\Y3T1\CG\Project\CarProjectLOCAL\Assets\Models\subaru\textures\clip_metallicRoughness.png
  C:\BanK\KMUTT\BanK_KMUTT\Y3T1\CG\Project\CarProjectLOCAL\Assets\Models\subaru\textures\glass_baseColor.png
  C:\BanK\KMUTT\BanK_KMUTT\Y3T1\CG\Project\CarProjectLOCAL\Assets\Models\subaru\textures\glass_metallicRoughness.png
  C:\BanK\KMUTT\BanK_KMUTT\Y3T1\CG\Project\CarProjectLOCAL\Assets\Models\subaru\textures\grill_baseColor.png
  C:\BanK\KMUTT\BanK_KMUTT\Y3T1\CG\Project\CarProjectLOCAL\Assets\Models\subaru\textures\grill_metallicRoughness.png
  C:\BanK\KMUTT\BanK_KMUTT\Y3T1\CG\Project\CarProjectLOCAL\Assets\Models\subaru\textures\headlights_baseColor.jpeg
  C:\BanK\KMUTT\BanK_KMUTT\Y3T1\CG\Project\CarProjectLOCAL\Assets\Models\subaru\textures\headlights_emissive.jpeg
  C:\BanK\KMUTT\BanK_KMUTT\Y3T1\CG\Project\CarProjectLOCAL\Assets\Models\subaru\textures\headlights_normal.png
  C:\BanK\KMUTT\BanK_KMUTT\Y3T1\CG\Project\CarProjectLOCAL\Assets\Models\subaru\textures\licence_plate_baseColor.jpeg
  C:\BanK\KMUTT\BanK_KMUTT\Y3T1\CG\Project\CarProjectLOCAL\Assets\Models\subaru\textures\licence_plate_normal.png
  C:\BanK\KMUTT\BanK_KMUTT\Y3T1\CG\Project\CarProjectLOCAL\Assets\Models\subaru\textures\livery_baseColor.jpeg
  C:\BanK\KMUTT\BanK_KMUTT\Y3T1\CG\Project\CarProjectLOCAL\Assets\Models\subaru\textures\livery_emissive.jpeg
  C:\BanK\KMUTT\BanK_KMUTT\Y3T1\CG\Project\CarProjectLOCAL\Assets\Models\subaru\textures\livery_metallicRoughness.png
  C:\BanK\KMUTT\BanK_KMUTT\Y3T1\CG\Project\CarProjectLOCAL\Assets\Models\subaru\textures\livery_normal.png
  C:\BanK\KMUTT\BanK_KMUTT\Y3T1\CG\Project\CarProjectLOCAL\Assets\Models\subaru\textures\taillight_baseColor.jpeg
  C:\BanK\KMUTT\BanK_KMUTT\Y3T1\CG\Project\CarProjectLOCAL\Assets\Models\subaru\textures\taillight_emissive.jpeg
  C:\BanK\KMUTT\BanK_KMUTT\Y3T1\CG\Project\CarProjectLOCAL\Assets\Models\subaru\textures\taillight_normal.png
  C:\BanK\KMUTT\BanK_KMUTT\Y3T1\CG\Project\CarProjectLOCAL\Assets\Models\subaru\textures\wheel_baseColor.jpeg
  C:\BanK\KMUTT\BanK_KMUTT\Y3T1\CG\Project\CarProjectLOCAL\Assets\Models\subaru\textures\wheel_metallicRoughness.png
  C:\BanK\KMUTT\BanK_KMUTT\Y3T1\CG\Project\CarProjectLOCAL\Assets\Models\subaru\textures\wheel_normal.png
  C:\BanK\KMUTT\BanK_KMUTT\Y3T1\CG\Project\CarProjectLOCAL\Assets\Models\subaru\textures\window_frame_baseColor.jpeg
  C:\BanK\KMUTT\BanK_KMUTT\Y3T1\CG\Project\CarProjectLOCAL\Assets\Models\subaru\textures\window_frame_metallicRoughness.png
  C:\BanK\KMUTT\BanK_KMUTT\Y3T1\CG\Project\CarProjectLOCAL\Assets\Shaders\1.2.pbr.fs
  C:\BanK\KMUTT\BanK_KMUTT\Y3T1\CG\Project\CarProjectLOCAL\Assets\Shaders\1.2.pbr.vs
  C:\BanK\KMUTT\BanK_KMUTT\Y3T1\CG\Project\CarProjectLOCAL\Assets\Shaders\1.model_loading.fs
  C:\BanK\KMUTT\BanK_KMUTT\Y3T1\CG\Project\CarProjectLOCAL\Assets\Shaders\1.model_loading.vs
  C:\BanK\KMUTT\BanK_KMUTT\Y3T1\CG\Project\CarProjectLOCAL\Assets\Shaders\2.2.2.background.fs
  C:\BanK\KMUTT\BanK_KMUTT\Y3T1\CG\Project\CarProjectLOCAL\Assets\Shaders\2.2.2.background.vs
  C:\BanK\KMUTT\BanK_KMUTT\Y3T1\CG\Project\CarProjectLOCAL\Assets\Shaders\2.2.2.brdf.fs
  C:\BanK\KMUTT\BanK_KMUTT\Y3T1\CG\Project\CarProjectLOCAL\Assets\Shaders\2.2.2.brdf.vs
  C:\BanK\KMUTT\BanK_KMUTT\Y3T1\CG\Project\CarProjectLOCAL\Assets\Shaders\2.2.2.cubemap.vs
  C:\BanK\KMUTT\BanK_KMUTT\Y3T1\CG\Project\CarProjectLOCAL\Assets\Shaders\2.2.2.equirectangular_to_cubemap.fs
  C:\BanK\KMUTT\BanK_KMUTT\Y3T1\CG\Project\CarProjectLOCAL\Assets\Shaders\2.2.2.irradiance_convolution.fs
  C:\BanK\KMUTT\BanK_KMUTT\Y3T1\CG\Project\CarProjectLOCAL\Assets\Shaders\2.2.2.pbr.fs
  C:\BanK\KMUTT\BanK_KMUTT\Y3T1\CG\Project\CarProjectLOCAL\Assets\Shaders\2.2.2.pbr.vs
  C:\BanK\KMUTT\BanK_KMUTT\Y3T1\CG\Project\CarProjectLOCAL\Assets\Shaders\2.2.2.prefilter.fs
  C:\BanK\KMUTT\BanK_KMUTT\Y3T1\CG\Project\CarProjectLOCAL\Assets\Shaders\3.1.3.debug_quad.vs
  C:\BanK\KMUTT\BanK_KMUTT\Y3T1\CG\Project\CarProjectLOCAL\Assets\Shaders\3.1.3.debug_quad_depth.fs
  C:\BanK\KMUTT\BanK_KMUTT\Y3T1\CG\Project\CarProjectLOCAL\Assets\Shaders\lighting.fs
  C:\BanK\KMUTT\BanK_KMUTT\Y3T1\CG\Project\CarProjectLOCAL\Assets\Shaders\lighting.vs
  C:\BanK\KMUTT\BanK_KMUTT\Y3T1\CG\Project\CarProjectLOCAL\Assets\Shaders\pbr.fs
  C:\BanK\KMUTT\BanK_KMUTT\Y3T1\CG\Project\CarProjectLOCAL\Assets\Shaders\pbr.vs
  C:\BanK\KMUTT\BanK_KMUTT\Y3T1\CG\Project\CarProjectLOCAL\Assets\Shaders\shadow_depth.fs
  C:\BanK\KMUTT\BanK_KMUTT\Y3T1\CG\Project\CarProjectLOCAL\Assets\Shaders\shadow_depth.vs
  C:\BanK\KMUTT\BanK_KMUTT\Y3T1\CG\Project\CarProjectLOCAL\Assets\Textures\foil\Foil002.png
  C:\BanK\KMUTT\BanK_KMUTT\Y3T1\CG\Project\CarProjectLOCAL\Assets\Textures\foil\Foil002_1K-PNG.mtlx
  C:\BanK\KMUTT\BanK_KMUTT\Y3T1\CG\Project\CarProjectLOCAL\Assets\Textures\foil\Foil002_1K-PNG.usdc
  C:\BanK\KMUTT\BanK_KMUTT\Y3T1\CG\Project\CarProjectLOCAL\Assets\Textures\foil\Foil002_1K-PNG_AmbientOcclusion.png
  C:\BanK\KMUTT\BanK_KMUTT\Y3T1\CG\Project\CarProjectLOCAL\Assets\Textures\foil\Foil002_1K-PNG_Color.png
  C:\BanK\KMUTT\BanK_KMUTT\Y3T1\CG\Project\CarProjectLOCAL\Assets\Textures\foil\Foil002_1K-PNG_Displacement.png
  C:\BanK\KMUTT\BanK_KMUTT\Y3T1\CG\Project\CarProjectLOCAL\Assets\Textures\foil\Foil002_1K-PNG_Metalness.png
  C:\BanK\KMUTT\BanK_KMUTT\Y3T1\CG\Project\CarProjectLOCAL\Assets\Textures\foil\Foil002_1K-PNG_NormalDX.png
  C:\BanK\KMUTT\BanK_KMUTT\Y3T1\CG\Project\CarProjectLOCAL\Assets\Textures\foil\Foil002_1K-PNG_NormalGL.png
  C:\BanK\KMUTT\BanK_KMUTT\Y3T1\CG\Project\CarProjectLOCAL\Assets\Textures\foil\Foil002_1K-PNG_Roughness.png
  C:\BanK\KMUTT\BanK_KMUTT\Y3T1\CG\Project\CarProjectLOCAL\Assets\Textures\hdr\mountains_sunset_sky_dome_1k.hdr
  C:\BanK\KMUTT\BanK_KMUTT\Y3T1\CG\Project\CarProjectLOCAL\Assets\Textures\hdr\OLD\kloofendal_overcast_puresky_2k.hdr
  C:\BanK\KMUTT\BanK_KMUTT\Y3T1\CG\Project\CarProjectLOCAL\Assets\Textures\hdr\OLD\mountains_sunset_sky_dome_1k.hdr
  C:\BanK\KMUTT\BanK_KMUTT\Y3T1\CG\Project\CarProjectLOCAL\Assets\Textures\hdr\OLD\newport_loft.hdr
  C:\BanK\KMUTT\BanK_KMUTT\Y3T1\CG\Project\CarProjectLOCAL\Assets\Textures\hdr\OLD\starry_night_sky_dome_2k.hdr
  C:\BanK\KMUTT\BanK_KMUTT\Y3T1\CG\Project\CarProjectLOCAL\Assets\Textures\hdr\OLD\the_sky_is_on_fire_2k.hdr
  C:\BanK\KMUTT\BanK_KMUTT\Y3T1\CG\Project\CarProjectLOCAL\Assets\Textures\pbr\foil\Foil002.png
  C:\BanK\KMUTT\BanK_KMUTT\Y3T1\CG\Project\CarProjectLOCAL\Assets\Textures\pbr\foil\Foil002_1K-PNG.mtlx
  C:\BanK\KMUTT\BanK_KMUTT\Y3T1\CG\Project\CarProjectLOCAL\Assets\Textures\pbr\foil\Foil002_1K-PNG.usdc
  C:\BanK\KMUTT\BanK_KMUTT\Y3T1\CG\Project\CarProjectLOCAL\Assets\Textures\pbr\foil\Foil002_1K-PNG_AmbientOcclusion.png
  C:\BanK\KMUTT\BanK_KMUTT\Y3T1\CG\Project\CarProjectLOCAL\Assets\Textures\pbr\foil\Foil002_1K-PNG_Color.png
  C:\BanK\KMUTT\BanK_KMUTT\Y3T1\CG\Project\CarProjectLOCAL\Assets\Textures\pbr\foil\Foil002_1K-PNG_Displacement.png
  C:\BanK\KMUTT\BanK_KMUTT\Y3T1\CG\Project\CarProjectLOCAL\Assets\Textures\pbr\foil\Foil002_1K-PNG_Metalness.png
  C:\BanK\KMUTT\BanK_KMUTT\Y3T1\CG\Project\CarProjectLOCAL\Assets\Textures\pbr\foil\Foil002_1K-PNG_NormalDX.png
  C:\BanK\KMUTT\BanK_KMUTT\Y3T1\CG\Project\CarProjectLOCAL\Assets\Textures\pbr\foil\Foil002_1K-PNG_NormalGL.png
  C:\BanK\KMUTT\BanK_KMUTT\Y3T1\CG\Project\CarProjectLOCAL\Assets\Textures\pbr\foil\Foil002_1K-PNG_Roughness.png
  C:\BanK\KMUTT\BanK_KMUTT\Y3T1\CG\Project\CarProjectLOCAL\Assets\Textures\pbr\gold\albedo.png
  C:\BanK\KMUTT\BanK_KMUTT\Y3T1\CG\Project\CarProjectLOCAL\Assets\Textures\pbr\gold\ao.png
  C:\BanK\KMUTT\BanK_KMUTT\Y3T1\CG\Project\CarProjectLOCAL\Assets\Textures\pbr\gold\metallic.png
  C:\BanK\KMUTT\BanK_KMUTT\Y3T1\CG\Project\CarProjectLOCAL\Assets\Textures\pbr\gold\normal.png
  C:\BanK\KMUTT\BanK_KMUTT\Y3T1\CG\Project\CarProjectLOCAL\Assets\Textures\pbr\gold\roughness.png
  C:\BanK\KMUTT\BanK_KMUTT\Y3T1\CG\Project\CarProjectLOCAL\Assets\Textures\pbr\grass\albedo.png
  C:\BanK\KMUTT\BanK_KMUTT\Y3T1\CG\Project\CarProjectLOCAL\Assets\Textures\pbr\grass\ao.png
  C:\BanK\KMUTT\BanK_KMUTT\Y3T1\CG\Project\CarProjectLOCAL\Assets\Textures\pbr\grass\metallic.png
  C:\BanK\KMUTT\BanK_KMUTT\Y3T1\CG\Project\CarProjectLOCAL\Assets\Textures\pbr\grass\normal.png
  C:\BanK\KMUTT\BanK_KMUTT\Y3T1\CG\Project\CarProjectLOCAL\Assets\Textures\pbr\grass\roughness.png
  C:\BanK\KMUTT\BanK_KMUTT\Y3T1\CG\Project\CarProjectLOCAL\Assets\Textures\pbr\plastic\albedo.png
  C:\BanK\KMUTT\BanK_KMUTT\Y3T1\CG\Project\CarProjectLOCAL\Assets\Textures\pbr\plastic\ao.png
  C:\BanK\KMUTT\BanK_KMUTT\Y3T1\CG\Project\CarProjectLOCAL\Assets\Textures\pbr\plastic\metallic.png
  C:\BanK\KMUTT\BanK_KMUTT\Y3T1\CG\Project\CarProjectLOCAL\Assets\Textures\pbr\plastic\normal.png
  C:\BanK\KMUTT\BanK_KMUTT\Y3T1\CG\Project\CarProjectLOCAL\Assets\Textures\pbr\plastic\roughness.png
  C:\BanK\KMUTT\BanK_KMUTT\Y3T1\CG\Project\CarProjectLOCAL\Assets\Textures\pbr\rusted_iron\albedo.png
  C:\BanK\KMUTT\BanK_KMUTT\Y3T1\CG\Project\CarProjectLOCAL\Assets\Textures\pbr\rusted_iron\ao.png
  C:\BanK\KMUTT\BanK_KMUTT\Y3T1\CG\Project\CarProjectLOCAL\Assets\Textures\pbr\rusted_iron\metallic.png
  C:\BanK\KMUTT\BanK_KMUTT\Y3T1\CG\Project\CarProjectLOCAL\Assets\Textures\pbr\rusted_iron\normal.png
  C:\BanK\KMUTT\BanK_KMUTT\Y3T1\CG\Project\CarProjectLOCAL\Assets\Textures\pbr\rusted_iron\roughness.png
  C:\BanK\KMUTT\BanK_KMUTT\Y3T1\CG\Project\CarProjectLOCAL\Assets\Textures\pbr\wall\albedo.png
  C:\BanK\KMUTT\BanK_KMUTT\Y3T1\CG\Project\CarProjectLOCAL\Assets\Textures\pbr\wall\ao.png
  C:\BanK\KMUTT\BanK_KMUTT\Y3T1\CG\Project\CarProjectLOCAL\Assets\Textures\pbr\wall\metallic.png
  C:\BanK\KMUTT\BanK_KMUTT\Y3T1\CG\Project\CarProjectLOCAL\Assets\Textures\pbr\wall\normal.png
  C:\BanK\KMUTT\BanK_KMUTT\Y3T1\CG\Project\CarProjectLOCAL\Assets\Textures\pbr\wall\roughness.png
  C:\BanK\KMUTT\BanK_KMUTT\Y3T1\CG\Project\CarProjectLOCAL\Assets\Textures\rusted_iron\albedo.png
  C:\BanK\KMUTT\BanK_KMUTT\Y3T1\CG\Project\CarProjectLOCAL\Assets\Textures\rusted_iron\ao.png
  C:\BanK\KMUTT\BanK_KMUTT\Y3T1\CG\Project\CarProjectLOCAL\Assets\Textures\rusted_iron\metallic.png
  C:\BanK\KMUTT\BanK_KMUTT\Y3T1\CG\Project\CarProjectLOCAL\Assets\Textures\rusted_iron\normal.png
  C:\BanK\KMUTT\BanK_KMUTT\Y3T1\CG\Project\CarProjectLOCAL\Assets\Textures\rusted_iron\roughness.png
  214 File(s) copied
