  Car.cpp
C:\Capt\racingsimulation\Racing Simulation\Car.cpp(175,29): warning C4244: '-=': conversion from 'double' to 'float', possible loss of data
  CollisionChecker.cpp
C:\Capt\racingsimulation\Racing Simulation\CollisionChecker.cpp(34,22): warning C4244: '=': conversion from 'float' to 'int', possible loss of data
  Racing Simulation.cpp
C:\Capt\racingsimulation\Racing Simulation\Racing Simulation.cpp(746,19): warning C4244: 'initializing': conversion from 'double' to 'float', possible loss of data
C:\Capt\racingsimulation\Racing Simulation\Racing Simulation.cpp(747,19): warning C4244: 'initializing': conversion from 'double' to 'float', possible loss of data
C:\Capt\racingsimulation\Racing Simulation\Racing Simulation.cpp(748,19): warning C4244: '=': conversion from 'double' to 'float', possible loss of data
C:\Capt\racingsimulation\Racing Simulation\Racing Simulation.cpp(749,19): warning C4244: '=': conversion from 'double' to 'float', possible loss of data
C:\Capt\racingsimulation\Racing Simulation\Racing Simulation.cpp(778,19): warning C4244: 'initializing': conversion from 'double' to 'float', possible loss of data
C:\Capt\racingsimulation\Racing Simulation\Racing Simulation.cpp(779,19): warning C4244: 'initializing': conversion from 'double' to 'float', possible loss of data
C:\Capt\racingsimulation\Racing Simulation\Racing Simulation.cpp(792,31): warning C4244: 'argument': conversion from 'double' to 'float', possible loss of data
C:\Capt\racingsimulation\Racing Simulation\Racing Simulation.cpp(817,17): warning C4267: 'initializing': conversion from 'size_t' to 'int', possible loss of data
C:\Capt\racingsimulation\Racing Simulation\Racing Simulation.cpp(891,39): warning C4244: '=': conversion from 'T' to 'int', possible loss of data
C:\Capt\racingsimulation\Racing Simulation\Racing Simulation.cpp(891,39): warning C4244:         with
C:\Capt\racingsimulation\Racing Simulation\Racing Simulation.cpp(891,39): warning C4244:         [
C:\Capt\racingsimulation\Racing Simulation\Racing Simulation.cpp(891,39): warning C4244:             T=float
C:\Capt\racingsimulation\Racing Simulation\Racing Simulation.cpp(891,39): warning C4244:         ]
C:\Capt\racingsimulation\Racing Simulation\Racing Simulation.cpp(892,39): warning C4244: '=': conversion from 'T' to 'int', possible loss of data
C:\Capt\racingsimulation\Racing Simulation\Racing Simulation.cpp(892,39): warning C4244:         with
C:\Capt\racingsimulation\Racing Simulation\Racing Simulation.cpp(892,39): warning C4244:         [
C:\Capt\racingsimulation\Racing Simulation\Racing Simulation.cpp(892,39): warning C4244:             T=float
C:\Capt\racingsimulation\Racing Simulation\Racing Simulation.cpp(892,39): warning C4244:         ]
C:\Capt\racingsimulation\Racing Simulation\Racing Simulation.cpp(893,39): warning C4244: '=': conversion from 'T' to 'int', possible loss of data
C:\Capt\racingsimulation\Racing Simulation\Racing Simulation.cpp(893,39): warning C4244:         with
C:\Capt\racingsimulation\Racing Simulation\Racing Simulation.cpp(893,39): warning C4244:         [
C:\Capt\racingsimulation\Racing Simulation\Racing Simulation.cpp(893,39): warning C4244:             T=float
C:\Capt\racingsimulation\Racing Simulation\Racing Simulation.cpp(893,39): warning C4244:         ]
C:\Capt\racingsimulation\Racing Simulation\Racing Simulation.cpp(895,39): warning C4244: '=': conversion from 'T' to 'int', possible loss of data
C:\Capt\racingsimulation\Racing Simulation\Racing Simulation.cpp(895,39): warning C4244:         with
C:\Capt\racingsimulation\Racing Simulation\Racing Simulation.cpp(895,39): warning C4244:         [
C:\Capt\racingsimulation\Racing Simulation\Racing Simulation.cpp(895,39): warning C4244:             T=float
C:\Capt\racingsimulation\Racing Simulation\Racing Simulation.cpp(895,39): warning C4244:         ]
C:\Capt\racingsimulation\Racing Simulation\Racing Simulation.cpp(896,39): warning C4244: '=': conversion from 'T' to 'int', possible loss of data
C:\Capt\racingsimulation\Racing Simulation\Racing Simulation.cpp(896,39): warning C4244:         with
C:\Capt\racingsimulation\Racing Simulation\Racing Simulation.cpp(896,39): warning C4244:         [
C:\Capt\racingsimulation\Racing Simulation\Racing Simulation.cpp(896,39): warning C4244:             T=float
C:\Capt\racingsimulation\Racing Simulation\Racing Simulation.cpp(896,39): warning C4244:         ]
C:\Capt\racingsimulation\Racing Simulation\Racing Simulation.cpp(897,39): warning C4244: '=': conversion from 'T' to 'int', possible loss of data
C:\Capt\racingsimulation\Racing Simulation\Racing Simulation.cpp(897,39): warning C4244:         with
C:\Capt\racingsimulation\Racing Simulation\Racing Simulation.cpp(897,39): warning C4244:         [
C:\Capt\racingsimulation\Racing Simulation\Racing Simulation.cpp(897,39): warning C4244:             T=float
C:\Capt\racingsimulation\Racing Simulation\Racing Simulation.cpp(897,39): warning C4244:         ]
  Skybox.cpp
  SoundManager.cpp
  Wheel.cpp
  Generating Code...
glfw3.lib(init.obj) : warning LNK4099: PDB '' was not found with 'glfw3.lib(init.obj)' or at ''; linking object as if no debug info
glfw3.lib(window.obj) : warning LNK4099: PDB '' was not found with 'glfw3.lib(window.obj)' or at ''; linking object as if no debug info
glfw3.lib(input.obj) : warning LNK4099: PDB '' was not found with 'glfw3.lib(input.obj)' or at ''; linking object as if no debug info
glfw3.lib(context.obj) : warning LNK4099: PDB '' was not found with 'glfw3.lib(context.obj)' or at ''; linking object as if no debug info
glfw3.lib(win32_init.obj) : warning LNK4099: PDB '' was not found with 'glfw3.lib(win32_init.obj)' or at ''; linking object as if no debug info
glfw3.lib(win32_monitor.obj) : warning LNK4099: PDB '' was not found with 'glfw3.lib(win32_monitor.obj)' or at ''; linking object as if no debug info
glfw3.lib(win32_time.obj) : warning LNK4099: PDB '' was not found with 'glfw3.lib(win32_time.obj)' or at ''; linking object as if no debug info
glfw3.lib(win32_thread.obj) : warning LNK4099: PDB '' was not found with 'glfw3.lib(win32_thread.obj)' or at ''; linking object as if no debug info
glfw3.lib(monitor.obj) : warning LNK4099: PDB '' was not found with 'glfw3.lib(monitor.obj)' or at ''; linking object as if no debug info
glfw3.lib(vulkan.obj) : warning LNK4099: PDB '' was not found with 'glfw3.lib(vulkan.obj)' or at ''; linking object as if no debug info
glfw3.lib(win32_window.obj) : warning LNK4099: PDB '' was not found with 'glfw3.lib(win32_window.obj)' or at ''; linking object as if no debug info
glfw3.lib(win32_joystick.obj) : warning LNK4099: PDB '' was not found with 'glfw3.lib(win32_joystick.obj)' or at ''; linking object as if no debug info
glfw3.lib(wgl_context.obj) : warning LNK4099: PDB '' was not found with 'glfw3.lib(wgl_context.obj)' or at ''; linking object as if no debug info
glfw3.lib(egl_context.obj) : warning LNK4099: PDB '' was not found with 'glfw3.lib(egl_context.obj)' or at ''; linking object as if no debug info
glfw3.lib(osmesa_context.obj) : warning LNK4099: PDB '' was not found with 'glfw3.lib(osmesa_context.obj)' or at ''; linking object as if no debug info
freetype.lib(ftinit.obj) : warning LNK4099: PDB '' was not found with 'freetype.lib(ftinit.obj)' or at ''; linking object as if no debug info
freetype.lib(ftbase.obj) : warning LNK4099: PDB '' was not found with 'freetype.lib(ftbase.obj)' or at ''; linking object as if no debug info
freetype.lib(autofit.obj) : warning LNK4099: PDB '' was not found with 'freetype.lib(autofit.obj)' or at ''; linking object as if no debug info
freetype.lib(truetype.obj) : warning LNK4099: PDB '' was not found with 'freetype.lib(truetype.obj)' or at ''; linking object as if no debug info
freetype.lib(type1.obj) : warning LNK4099: PDB '' was not found with 'freetype.lib(type1.obj)' or at ''; linking object as if no debug info
freetype.lib(cff.obj) : warning LNK4099: PDB '' was not found with 'freetype.lib(cff.obj)' or at ''; linking object as if no debug info
freetype.lib(type1cid.obj) : warning LNK4099: PDB '' was not found with 'freetype.lib(type1cid.obj)' or at ''; linking object as if no debug info
freetype.lib(pfr.obj) : warning LNK4099: PDB '' was not found with 'freetype.lib(pfr.obj)' or at ''; linking object as if no debug info
freetype.lib(type42.obj) : warning LNK4099: PDB '' was not found with 'freetype.lib(type42.obj)' or at ''; linking object as if no debug info
freetype.lib(winfnt.obj) : warning LNK4099: PDB '' was not found with 'freetype.lib(winfnt.obj)' or at ''; linking object as if no debug info
freetype.lib(pcf.obj) : warning LNK4099: PDB '' was not found with 'freetype.lib(pcf.obj)' or at ''; linking object as if no debug info
freetype.lib(psaux.obj) : warning LNK4099: PDB '' was not found with 'freetype.lib(psaux.obj)' or at ''; linking object as if no debug info
freetype.lib(psmodule.obj) : warning LNK4099: PDB '' was not found with 'freetype.lib(psmodule.obj)' or at ''; linking object as if no debug info
freetype.lib(pshinter.obj) : warning LNK4099: PDB '' was not found with 'freetype.lib(pshinter.obj)' or at ''; linking object as if no debug info
freetype.lib(raster.obj) : warning LNK4099: PDB '' was not found with 'freetype.lib(raster.obj)' or at ''; linking object as if no debug info
freetype.lib(sfnt.obj) : warning LNK4099: PDB '' was not found with 'freetype.lib(sfnt.obj)' or at ''; linking object as if no debug info
freetype.lib(smooth.obj) : warning LNK4099: PDB '' was not found with 'freetype.lib(smooth.obj)' or at ''; linking object as if no debug info
freetype.lib(bdf.obj) : warning LNK4099: PDB '' was not found with 'freetype.lib(bdf.obj)' or at ''; linking object as if no debug info
freetype.lib(ftsystem.obj) : warning LNK4099: PDB '' was not found with 'freetype.lib(ftsystem.obj)' or at ''; linking object as if no debug info
freetype.lib(ftgzip.obj) : warning LNK4099: PDB '' was not found with 'freetype.lib(ftgzip.obj)' or at ''; linking object as if no debug info
freetype.lib(ftlzw.obj) : warning LNK4099: PDB '' was not found with 'freetype.lib(ftlzw.obj)' or at ''; linking object as if no debug info
freetype.lib(ftbitmap.obj) : warning LNK4099: PDB '' was not found with 'freetype.lib(ftbitmap.obj)' or at ''; linking object as if no debug info
freetype.lib(ftdebug.obj) : warning LNK4099: PDB '' was not found with 'freetype.lib(ftdebug.obj)' or at ''; linking object as if no debug info
     Creating library C:\Capt\racingsimulation\x64\Debug\Racing Simulation.lib and object C:\Capt\racingsimulation\x64\Debug\Racing Simulation.exp
LINK : warning LNK4098: defaultlib 'MSVCRT' conflicts with use of other libs; use /NODEFAULTLIB:library
  Racing Simulation.vcxproj -> C:\Capt\racingsimulation\x64\Debug\Racing Simulation.exe
