c:\users\orangeduck\documents\capt\racingsimulation\racing simulation\x64\debug\vc143.pdb
c:\users\orangeduck\documents\capt\racingsimulation\racing simulation\x64\debug\vc143.idb
c:\users\orangeduck\documents\capt\racingsimulation\racing simulation\x64\debug\wheel.obj
c:\users\orangeduck\documents\capt\racingsimulation\racing simulation\x64\debug\soundmanager.obj
c:\users\orangeduck\documents\capt\racingsimulation\racing simulation\x64\debug\skybox.obj
c:\users\orangeduck\documents\capt\racingsimulation\racing simulation\x64\debug\racing simulation.obj
c:\users\orangeduck\documents\capt\racingsimulation\racing simulation\x64\debug\collisionchecker.obj
c:\users\orangeduck\documents\capt\racingsimulation\racing simulation\x64\debug\car.obj
d:\capt\racingsimulation\racing simulation\x64\debug\vc143.pdb
d:\capt\racingsimulation\racing simulation\x64\debug\vc143.idb
d:\capt\racingsimulation\racing simulation\x64\debug\wheel.obj
d:\capt\racingsimulation\racing simulation\x64\debug\source.obj
d:\capt\racingsimulation\racing simulation\x64\debug\soundmanager.obj
d:\capt\racingsimulation\racing simulation\x64\debug\skybox.obj
d:\capt\racingsimulation\racing simulation\x64\debug\collisionchecker.obj
d:\capt\racingsimulation\racing simulation\x64\debug\car.obj
d:\capt\racingsimulation\racing simulation\x64\debug\racing simulation.obj
c:\users\orangeduck\documents\capt\racingsimulation\x64\debug\racing simulation.exe
c:\users\orangeduck\documents\capt\racingsimulation\racing simulation\x64\debug\racing simulation.ilk
c:\users\orangeduck\documents\capt\racingsimulation\x64\debug\racing simulation.pdb
c:\users\user\documents\github\racingsimulation\x64\debug\racing simulation.lib
c:\users\user\documents\github\racingsimulation\x64\debug\racing simulation.exp
d:\capt\racingsimulation\x64\debug\racing simulation.pdb
d:\capt\racingsimulation\racing simulation\x64\debug\racing s.4d5b287d.tlog\cl.command.1.tlog
d:\capt\racingsimulation\racing simulation\x64\debug\racing s.4d5b287d.tlog\cl.items.tlog
d:\capt\racingsimulation\racing simulation\x64\debug\racing s.4d5b287d.tlog\cl.read.1.tlog
d:\capt\racingsimulation\racing simulation\x64\debug\racing s.4d5b287d.tlog\cl.write.1.tlog
d:\capt\racingsimulation\racing simulation\x64\debug\racing s.4d5b287d.tlog\link-cvtres.read.1.tlog
d:\capt\racingsimulation\racing simulation\x64\debug\racing s.4d5b287d.tlog\link-cvtres.write.1.tlog
d:\capt\racingsimulation\racing simulation\x64\debug\racing s.4d5b287d.tlog\link-rc.read.1.tlog
d:\capt\racingsimulation\racing simulation\x64\debug\racing s.4d5b287d.tlog\link-rc.write.1.tlog
d:\capt\racingsimulation\racing simulation\x64\debug\racing s.4d5b287d.tlog\link.command.1.tlog
d:\capt\racingsimulation\racing simulation\x64\debug\racing s.4d5b287d.tlog\link.delete.1.tlog
d:\capt\racingsimulation\racing simulation\x64\debug\racing s.4d5b287d.tlog\link.read.1.tlog
d:\capt\racingsimulation\racing simulation\x64\debug\racing s.4d5b287d.tlog\link.read.2.tlog
d:\capt\racingsimulation\racing simulation\x64\debug\racing s.4d5b287d.tlog\link.read.3.tlog
d:\capt\racingsimulation\racing simulation\x64\debug\racing s.4d5b287d.tlog\link.read.4.tlog
d:\capt\racingsimulation\racing simulation\x64\debug\racing s.4d5b287d.tlog\link.write.1.tlog
d:\capt\racingsimulation\racing simulation\x64\debug\racing s.4d5b287d.tlog\link.write.2u.tlog
